Android/BluetoothChat/build/outputs/logs/manifest-merger-debug-report.txt
-- Merging decision tree log ---
manifest
ADDED from android/BluetoothChat/AndroidManifest.xml:16:1-40:12
	package
		ADDED from android/BluetoothChat/AndroidManifest.xml:17:7-49
	android:versionName
		ADDED from android/BluetoothChat/AndroidManifest.xml:19:7-32
		INJECTED from android/BluetoothChat/AndroidManifest.xml
		INJECTED from android/BluetoothChat/AndroidManifest.xml
	android:versionCode
		ADDED from android/BluetoothChat/AndroidManifest.xml:18:7-30
		INJECTED from android/BluetoothChat/AndroidManifest.xml
		INJECTED from android/BluetoothChat/AndroidManifest.xml
	xmlns:android
		ADDED from android/BluetoothChat/AndroidManifest.xml:16:11-69
uses-sdk
ADDED from android/BluetoothChat/AndroidManifest.xml:20:5-22:41
	android:targetSdkVersion
		ADDED from android/BluetoothChat/AndroidManifest.xml:22:9-38
	android:minSdkVersion
		ADDED from android/BluetoothChat/AndroidManifest.xml:21:9-35
uses-permission#android.permission.BLUETOOTH_ADMIN
ADDED from android/BluetoothChat/AndroidManifest.xml:23:5-74
	android:name
		ADDED from android/BluetoothChat/AndroidManifest.xml:23:22-71
uses-permission#android.permission.BLUETOOTH
ADDED from android/BluetoothChat/AndroidManifest.xml:24:5-68
	android:name
		ADDED from android/BluetoothChat/AndroidManifest.xml:24:22-65
application
ADDED from android/BluetoothChat/AndroidManifest.xml:26:5-39:19
	android:label
		ADDED from android/BluetoothChat/AndroidManifest.xml:26:18-50
	android:icon
		ADDED from android/BluetoothChat/AndroidManifest.xml:27:18-51
activity#at.metalab.android.BluetoothChat.BluetoothChat
ADDED from android/BluetoothChat/AndroidManifest.xml:28:9-35:20
	android:label
		ADDED from android/BluetoothChat/AndroidManifest.xml:29:19-51
	android:configChanges
		ADDED from android/BluetoothChat/AndroidManifest.xml:30:19-69
	android:name
		ADDED from android/BluetoothChat/AndroidManifest.xml:28:19-80
intent-filter#android.intent.action.MAIN+android.intent.category.LAUNCHER
ADDED from android/BluetoothChat/AndroidManifest.xml:31:13-34:29
action#android.intent.action.MAIN
ADDED from android/BluetoothChat/AndroidManifest.xml:32:17-69
	android:name
		ADDED from android/BluetoothChat/AndroidManifest.xml:32:25-66
category#android.intent.category.LAUNCHER
ADDED from android/BluetoothChat/AndroidManifest.xml:33:17-77
	android:name
		ADDED from android/BluetoothChat/AndroidManifest.xml:33:27-74
activity#at.metalab.android.BluetoothChat.DeviceListActivity
ADDED from android/BluetoothChat/AndroidManifest.xml:36:9-38:72
	android:label
		ADDED from android/BluetoothChat/AndroidManifest.xml:37:19-56
	android:configChanges
		ADDED from android/BluetoothChat/AndroidManifest.xml:38:19-69
	android:name
		ADDED from android/BluetoothChat/AndroidManifest.xml:36:19-85